Release 12.4 Xflow M.81d (nt)
Copyright (c) 1995-2010 Xilinx, Inc.  All rights reserved.
xflow.exe -wd implementation -p xc3s500efg320-4 -implement xflow.opt system.ngc 
 
PMSPEC -- Overriding Xilinx file
<C:/Xilinx/12.4/ISE_DS/EDK/spartan3/data/spartan3.acd> with local file
<C:/Xilinx/12.4/ISE_DS/ISE/spartan3/data/spartan3.acd>

Using Flow File: C:/FPGArcade/Bouncing_Ball/implementation/fpga.flw 
Using Option File(s): 
 C:/FPGArcade/Bouncing_Ball/implementation/xflow.opt 

Creating Script File ... 

#----------------------------------------------#
# Starting program ngdbuild
# ngdbuild -p xc3s500efg320-4 -nt timestamp -bm system.bmm
"C:/FPGArcade/Bouncing_Ball/implementation/system.ngc" -uc system.ucf system.ngd
 
#----------------------------------------------#
Release 12.4 - ngdbuild M.81d (nt)
Copyright (c) 1995-2010 Xilinx, Inc.  All rights reserved.
PMSPEC -- Overriding Xilinx file
<C:/Xilinx/12.4/ISE_DS/EDK/spartan3/data/spartan3.acd> with local file
<C:/Xilinx/12.4/ISE_DS/ISE/spartan3/data/spartan3.acd>

Command Line: C:\Xilinx\12.4\ISE_DS\ISE\bin\nt\unwrapped\ngdbuild.exe -p
xc3s500efg320-4 -nt timestamp -bm system.bmm
C:/FPGArcade/Bouncing_Ball/implementation/system.ngc -uc system.ucf system.ngd

Reading NGO file "C:/FPGArcade/Bouncing_Ball/implementation/system.ngc" ...
Gathering constraint information from source properties...
Done.

Annotating constraints to design from ucf file "system.ucf" ...
Resolving constraint associations...
Checking Constraint Associations...
INFO:ConstraintSystem:178 - TNM 'sys_clk_pin', used in period specification
   'TS_sys_clk_pin', was traced into DCM_SP instance
   clock_generator_0/DCM0_INST/Using_Virtex.DCM_INST. The following new TNM
   groups and period specifications were generated at the DCM_SP output(s): 
   CLK0: <TIMESPEC TS_clock_generator_0_clock_generator_0_SIG_DCM0_CLK0 = PERIOD
   "clock_generator_0_clock_generator_0_SIG_DCM0_CLK0" TS_sys_clk_pin HIGH 50%>

Done...

Processing BMM file "system.bmm" ...

Checking expanded design ...
WARNING:NgdBuild:478 - clock net mdm_0/bscan_drck1 with clock driver
   mdm_0/mdm_0/BUFG_DRCK1 drives no clock pins

Partition Implementation Status
-------------------------------

  No Partitions were found in this design.

-------------------------------

NGDBUILD Design Results Summary:
  Number of errors:     0
  Number of warnings:   1

Writing NGD file "system.ngd" ...
Total REAL time to NGDBUILD completion:  4 sec
Total CPU time to NGDBUILD completion:   4 sec

Writing NGDBUILD log file "system.bld"...

NGDBUILD done.



#----------------------------------------------#
# Starting program map
# map -o system_map.ncd -pr b -ol high -timing -detail system.ngd system.pcf 
#----------------------------------------------#
Release 12.4 - Map M.81d (nt)
Copyright (c) 1995-2010 Xilinx, Inc.  All rights reserved.
PMSPEC -- Overriding Xilinx file
<C:/Xilinx/12.4/ISE_DS/EDK/data/Xdh_PrimTypeLib.xda> with local file
<C:/Xilinx/12.4/ISE_DS/ISE/data/Xdh_PrimTypeLib.xda>
Using target part "3s500efg320-4".
Mapping design into LUTs...
Writing file system_map.ngm...
Running directed packing...
Running delay-based LUT packing...
Updating timing models...
Running timing-driven placement...
Total REAL time at the beginning of Placer: 8 secs 
Total CPU  time at the beginning of Placer: 8 secs 

Phase 1.1  Initial Placement Analysis
Phase 1.1  Initial Placement Analysis (Checksum:a90a2a4d) REAL time: 9 secs 

Phase 2.7  Design Feasibility Check
Phase 2.7  Design Feasibility Check (Checksum:a90a2a4d) REAL time: 9 secs 

Phase 3.31  Local Placement Optimization
Phase 3.31  Local Placement Optimization (Checksum:102b07c4) REAL time: 9 secs 

Phase 4.2  Initial Clock and IO Placement

Phase 4.2  Initial Clock and IO Placement (Checksum:ff192b2b) REAL time: 10 secs 

Phase 5.30  Global Clock Region Assignment
Phase 5.30  Global Clock Region Assignment (Checksum:ff192b2b) REAL time: 10 secs 

Phase 6.36  Local Placement Optimization
Phase 6.36  Local Placement Optimization (Checksum:ff192b2b) REAL time: 10 secs 

Phase 7.8  Global Placement
.............................
..............................................................................................
..
....................
Phase 7.8  Global Placement (Checksum:e411796d) REAL time: 28 secs 

Phase 8.5  Local Placement Optimization
Phase 8.5  Local Placement Optimization (Checksum:e411796d) REAL time: 28 secs 

Phase 9.18  Placement Optimization
Phase 9.18  Placement Optimization (Checksum:e0c5552d) REAL time: 38 secs 

Phase 10.5  Local Placement Optimization
Phase 10.5  Local Placement Optimization (Checksum:e0c5552d) REAL time: 38 secs 

Total REAL time to Placer completion: 38 secs 
Total CPU  time to Placer completion: 39 secs 
Running post-placement packing...

Design Summary:
Number of errors:      0
Number of warnings:    2
Logic Utilization:
  Number of Slice Flip Flops:         1,710 out of   9,312   18%
  Number of 4 input LUTs:             2,580 out of   9,312   27%
Logic Distribution:
  Number of occupied Slices:          1,917 out of   4,656   41%
    Number of Slices containing only related logic:   1,917 out of   1,917 100%
    Number of Slices containing unrelated logic:          0 out of   1,917   0%
      *See NOTES below for an explanation of the effects of unrelated logic.
  Total Number of 4 input LUTs:       2,708 out of   9,312   29%
    Number used as logic:             2,122
    Number used as a route-thru:        128
    Number used for Dual Port RAMs:     256
      (Two LUTs used per Dual Port RAM)
    Number used as Shift registers:     202

  The Slice Logic Distribution report is not meaningful if the design is
  over-mapped for a non-slice resource or if Placement fails.

  Number of bonded IOBs:                 28 out of     232   12%
    IOB Flip Flops:                      12
  Number of RAMB16s:                      4 out of      20   20%
  Number of BUFGMUXs:                     6 out of      24   25%
  Number of DCMs:                         1 out of       4   25%
  Number of BSCANs:                       1 out of       1  100%
  Number of MULT18X18SIOs:                3 out of      20   15%

Average Fanout of Non-Clock Nets:                3.46

Peak Memory Usage:  206 MB
Total REAL time to MAP completion:  40 secs 
Total CPU time to MAP completion:   41 secs 

Mapping completed.
See MAP report file "system_map.mrp" for details.



#----------------------------------------------#
# Starting program par
# par -w -ol high system_map.ncd system.ncd system.pcf 
#----------------------------------------------#
Release 12.4 - par M.81d (nt)
Copyright (c) 1995-2010 Xilinx, Inc.  All rights reserved.
PMSPEC -- Overriding Xilinx file <C:/Xilinx/12.4/ISE_DS/EDK/data/parBmgr.acd> with local file
<C:/Xilinx/12.4/ISE_DS/ISE/data/parBmgr.acd>



Constraints file: system.pcf.
Loading device for application Rf_Device from file '3s500e.nph' in environment
C:\Xilinx\12.4\ISE_DS\ISE\;C:\Xilinx\12.4\ISE_DS\EDK.
   "system" is an NCD, version 3.2, device xc3s500e, package fg320, speed -4

Initializing temperature to 85.000 Celsius. (default - Range: -40.000 to 100.000 Celsius)
Initializing voltage to 1.140 Volts. (default - Range: 1.140 to 1.320 Volts)


Device speed data version:  "PRODUCTION 1.27 2010-11-18".



Design Summary Report:

 Number of External IOBs                          28 out of 232    12%

   Number of External Input IOBs                  4

      Number of External Input IBUFs              4
        Number of LOCed External Input IBUFs      4 out of 4     100%


   Number of External Output IOBs                24

      Number of External Output IOBs             24
        Number of LOCed External Output IOBs     24 out of 24    100%


   Number of External Bidir IOBs                  0


   Number of BSCANs                          1 out of 1     100%
   Number of BUFGMUXs                        6 out of 24     25%
   Number of DCMs                            1 out of 4      25%
   Number of MULT18X18SIOs                   3 out of 20     15%
   Number of RAMB16s                         4 out of 20     20%
   Number of Slices                       1917 out of 4656   41%
      Number of SLICEMs                    262 out of 2328   11%



Overall effort level (-ol):   High 
Router effort level (-rl):    High 

Starting initial Timing Analysis.  REAL time: 11 secs 
Finished initial Timing Analysis.  REAL time: 11 secs 

WARNING:Par:288 - The signal dlmb_LMB_ABus<31> has no load.  PAR will not attempt to route this signal.
WARNING:Par:288 - The signal dlmb_LMB_ABus<30> has no load.  PAR will not attempt to route this signal.
Starting Router


Phase  1  : 14210 unrouted;      REAL time: 17 secs 

Phase  2  : 12020 unrouted;      REAL time: 18 secs 

Phase  3  : 3998 unrouted;      REAL time: 20 secs 

Phase  4  : 3998 unrouted; (Setup:0, Hold:0, Component Switching Limit:0)     REAL time: 21 secs 

Phase  5  : 0 unrouted; (Setup:0, Hold:0, Component Switching Limit:0)     REAL time: 25 secs 

Updating file: system.ncd with current fully routed design.

Phase  6  : 0 unrouted; (Setup:0, Hold:0, Component Switching Limit:0)     REAL time: 26 secs 

Phase  7  : 0 unrouted; (Setup:0, Hold:0, Component Switching Limit:0)     REAL time: 27 secs 

Phase  8  : 0 unrouted; (Setup:0, Hold:0, Component Switching Limit:0)     REAL time: 28 secs 
WARNING:Route:455 - CLK Net:PmodJSTK_Module_1_SCK_pin_OBUF may have excessive skew because 
      0 CLK pins and 1 NON_CLK pins failed to route using a CLK template.
WARNING:Route:455 - CLK Net:PmodJSTK_Module_0_SCK_pin_OBUF may have excessive skew because 
      0 CLK pins and 1 NON_CLK pins failed to route using a CLK template.

Total REAL time to Router completion: 28 secs 
Total CPU time to Router completion: 29 secs 

Partition Implementation Status
-------------------------------

  No Partitions were found in this design.

-------------------------------

Generating "PAR" statistics.

**************************
Generating Clock Report
**************************

+---------------------+--------------+------+------+------------+-------------+
|        Clock Net    |   Resource   |Locked|Fanout|Net Skew(ns)|Max Delay(ns)|
+---------------------+--------------+------+------+------------+-------------+
|      clk_50_0000MHz | BUFGMUX_X1Y10| No   | 1201 |  0.077     |  0.194      |
+---------------------+--------------+------+------+------------+-------------+
|PmodJSTK_Module_1_SC |              |      |      |            |             |
|          K_pin_OBUF |  BUFGMUX_X2Y1| No   |   50 |  0.047     |  0.196      |
+---------------------+--------------+------+------+------------+-------------+
|     mdm_0/Dbg_Clk_1 |  BUFGMUX_X1Y1| No   |  153 |  0.082     |  0.199      |
+---------------------+--------------+------+------+------------+-------------+
|fpga_0_clk_1_sys_clk |              |      |      |            |             |
|          _pin_IBUFG | BUFGMUX_X2Y11| No   |   16 |  0.023     |  0.175      |
+---------------------+--------------+------+------+------------+-------------+
|PmodJSTK_Module_0_SC |              |      |      |            |             |
|          K_pin_OBUF | BUFGMUX_X1Y11| No   |   50 |  0.035     |  0.178      |
+---------------------+--------------+------+------+------------+-------------+
|VGA_Driver/VGA_Drive |              |      |      |            |             |
|r/clock25MHz/slow_cl |              |      |      |            |             |
|                   k |  BUFGMUX_X1Y0| No   |   13 |  0.065     |  0.200      |
+---------------------+--------------+------+------+------------+-------------+
|  mdm_0/Dbg_Update_1 |         Local|      |   34 |  1.179     |  2.973      |
+---------------------+--------------+------+------+------------+-------------+

* Net Skew is the difference between the minimum and maximum routing
only delays for the net. Note this is different from Clock Skew which
is reported in TRCE timing report. Clock Skew is the difference between
the minimum and maximum path delays which includes logic delays.

Timing Score: 0 (Setup: 0, Hold: 0, Component Switching Limit: 0)

Asterisk (*) preceding a constraint indicates it was not met.
   This may be due to a setup or hold violation.

----------------------------------------------------------------------------------------------------------
  Constraint                                |    Check    | Worst Case |  Best Case | Timing |   Timing   
                                            |             |    Slack   | Achievable | Errors |    Score   
----------------------------------------------------------------------------------------------------------
  TS_clock_generator_0_clock_generator_0_SI | SETUP       |     6.042ns|    13.958ns|       0|           0
  G_DCM0_CLK0 = PERIOD TIMEGRP         "clo | HOLD        |     0.744ns|            |       0|           0
  ck_generator_0_clock_generator_0_SIG_DCM0 |             |            |            |        |            
  _CLK0" TS_sys_clk_pin         HIGH 50%    |             |            |            |        |            
----------------------------------------------------------------------------------------------------------
  TS_sys_clk_pin = PERIOD TIMEGRP "sys_clk_ | SETUP       |    16.394ns|     3.606ns|       0|           0
  pin" 50 MHz HIGH 50%                      | HOLD        |     1.001ns|            |       0|           0
                                            | MINLOWPULSE |    14.000ns|     6.000ns|       0|           0
----------------------------------------------------------------------------------------------------------


Derived Constraint Report
Review Timing Report for more details on the following derived constraints.
To create a Timing Report, run "trce -v 12 -fastpaths -o design_timing_report design.ncd design.pcf"
or "Run Timing Analysis" from Timing Analyzer (timingan).
Derived Constraints for TS_sys_clk_pin
+-------------------------------+-------------+-------------+-------------+-------------+-------------+-------------+-------------+
|                               |   Period    |       Actual Period       |      Timing Errors        |      Paths Analyzed       |
|           Constraint          | Requirement |-------------+-------------|-------------+-------------|-------------+-------------|
|                               |             |   Direct    | Derivative  |   Direct    | Derivative  |   Direct    | Derivative  |
+-------------------------------+-------------+-------------+-------------+-------------+-------------+-------------+-------------+
|TS_sys_clk_pin                 |     20.000ns|      6.000ns|     13.958ns|            0|            0|          114|       134799|
| TS_clock_generator_0_clock_gen|     20.000ns|     13.958ns|          N/A|            0|            0|       134799|            0|
| erator_0_SIG_DCM0_CLK0        |             |             |             |             |             |             |             |
+-------------------------------+-------------+-------------+-------------+-------------+-------------+-------------+-------------+

All constraints were met.


Generating Pad Report.

All signals are completely routed.

WARNING:Par:283 - There are 2 loadless signals in this design. This design will cause Bitgen to issue DRC warnings.

Total REAL time to PAR completion: 30 secs 
Total CPU time to PAR completion: 30 secs 

Peak Memory Usage:  176 MB

Placer: Placement generated during map.
Routing: Completed - No errors found.
Timing: Completed - No errors found.

Number of error messages: 0
Number of warning messages: 6
Number of info messages: 0

Writing design to file system.ncd



PAR done!



#----------------------------------------------#
# Starting program post_par_trce
# trce -e 3 -xml system.twx system.ncd system.pcf 
#----------------------------------------------#
Release 12.4 - Trace  (nt)
Copyright (c) 1995-2010 Xilinx, Inc.  All rights reserved.


PMSPEC -- Overriding Xilinx file
<C:/Xilinx/12.4/ISE_DS/EDK/spartan3e/data/spartan3e.acd> with local file
<C:/Xilinx/12.4/ISE_DS/ISE/spartan3e/data/spartan3e.acd>
Loading device for application Rf_Device from file '3s500e.nph' in environment
C:\Xilinx\12.4\ISE_DS\ISE\;C:\Xilinx\12.4\ISE_DS\EDK.
   "system" is an NCD, version 3.2, device xc3s500e, package fg320, speed -4
--------------------------------------------------------------------------------
Release 12.4 Trace  (nt)
Copyright (c) 1995-2010 Xilinx, Inc.  All rights reserved.

C:\Xilinx\12.4\ISE_DS\ISE\bin\nt\unwrapped\trce.exe -e 3 -xml system.twx
system.ncd system.pcf


Design file:              system.ncd
Physical constraint file: system.pcf
Device,speed:             xc3s500e,-4 (PRODUCTION 1.27 2010-11-18)
Report level:             error report
--------------------------------------------------------------------------------

INFO:Timing:2752 - To get complete path coverage, use the unconstrained paths
   option. All paths that are not constrained will be reported in the
   unconstrained paths section(s) of the report.
INFO:Timing:3339 - The clock-to-out numbers in this timing report are based on a
   50 Ohm transmission line loading model.  For the details of this model, and
   for more information on accounting for different loading conditions, please
   see the device datasheet.
INFO:Timing:3390 - This architecture does not support a default System Jitter
   value, please add SYSTEM_JITTER constraint to the UCF to modify the Clock
   Uncertainty calculation.
INFO:Timing:3389 - This architecture does not support 'Discrete Jitter' and
   'Phase Error' calculations, these terms will be zero in the Clock Uncertainty
   calculation.  Please make appropriate modification to SYSTEM_JITTER to
   account for the unsupported Discrete Jitter and Phase Error.


Timing summary:
---------------

Timing errors: 0  Score: 0 (Setup/Max: 0, Hold: 0)

Constraints cover 134913 paths, 0 nets, and 11218 connections

Design statistics:
   Minimum period:  13.958ns (Maximum frequency:  71.644MHz)


Analysis completed Wed Mar 16 01:59:45 2011
--------------------------------------------------------------------------------

Generating Report ...

Number of warnings: 0
Number of info messages: 4
Total time: 5 secs 


