Release 12.4 - xst M.81d (nt)
Copyright (c) 1995-2010 Xilinx, Inc.  All rights reserved.
--> Parameter TMPDIR set to xst/projnav.tmp


Total REAL time to Xst completion: 0.00 secs
Total CPU time to Xst completion: 0.11 secs
 
--> Parameter xsthdpdir set to xst


Total REAL time to Xst completion: 0.00 secs
Total CPU time to Xst completion: 0.11 secs
 
--> Reading design: top.prj

TABLE OF CONTENTS
  1) Synthesis Options Summary
  2) HDL Compilation
  3) Design Hierarchy Analysis
  4) HDL Analysis
  5) HDL Synthesis
     5.1) HDL Synthesis Report
  6) Advanced HDL Synthesis
     6.1) Advanced HDL Synthesis Report
  7) Low Level Synthesis
  8) Partition Report
  9) Final Report
	9.1) Device utilization summary
	9.2) Partition Resource Summary
	9.3) TIMING REPORT


=========================================================================
*                      Synthesis Options Summary                        *
=========================================================================
---- Source Parameters
Input File Name                    : "top.prj"
Input Format                       : mixed
Ignore Synthesis Constraint File   : NO

---- Target Parameters
Output File Name                   : "top"
Output Format                      : NGC
Target Device                      : xc3s500e-4-fg320

---- Source Options
Top Module Name                    : top
Automatic FSM Extraction           : YES
FSM Encoding Algorithm             : Auto
Safe Implementation                : No
FSM Style                          : LUT
RAM Extraction                     : Yes
RAM Style                          : Auto
ROM Extraction                     : Yes
Mux Style                          : Auto
Decoder Extraction                 : YES
Priority Encoder Extraction        : Yes
Shift Register Extraction          : YES
Logical Shifter Extraction         : YES
XOR Collapsing                     : YES
ROM Style                          : Auto
Mux Extraction                     : Yes
Resource Sharing                   : YES
Asynchronous To Synchronous        : NO
Multiplier Style                   : Auto
Automatic Register Balancing       : No

---- Target Options
Add IO Buffers                     : YES
Global Maximum Fanout              : 500
Add Generic Clock Buffer(BUFG)     : 24
Register Duplication               : YES
Slice Packing                      : YES
Optimize Instantiated Primitives   : NO
Use Clock Enable                   : Yes
Use Synchronous Set                : Yes
Use Synchronous Reset              : Yes
Pack IO Registers into IOBs        : Auto
Equivalent register Removal        : YES

---- General Options
Optimization Goal                  : Speed
Optimization Effort                : 1
Keep Hierarchy                     : No
Netlist Hierarchy                  : As_Optimized
RTL Output                         : Yes
Global Optimization                : AllClockNets
Read Cores                         : YES
Write Timing Constraints           : NO
Cross Clock Analysis               : NO
Hierarchy Separator                : /
Bus Delimiter                      : <>
Case Specifier                     : Maintain
Slice Utilization Ratio            : 100
BRAM Utilization Ratio             : 100
Verilog 2001                       : YES
Auto BRAM Packing                  : NO
Slice Utilization Ratio Delta      : 5

=========================================================================


=========================================================================
*                          HDL Compilation                              *
=========================================================================
Compiling vhdl file "C:/FPGArcade/PmodJSTK_Driver/clock1Mhz.vhd" in Library work.
Architecture behavioral of Entity clock1mhz is up to date.
Compiling vhdl file "C:/FPGArcade/PmodJSTK_Driver/PmodJSTK_Driver.vhd" in Library work.
Entity <jstkmodule> compiled.
Entity <jstkmodule> (Architecture <behavioral>) compiled.
Compiling vhdl file "C:/FPGArcade/PmodJSTK_Driver/top.vhd" in Library work.
Architecture behavioral of Entity top is up to date.

=========================================================================
*                     Design Hierarchy Analysis                         *
=========================================================================
Analyzing hierarchy for entity <top> in library <work> (architecture <behavioral>).

Analyzing hierarchy for entity <jstkModule> in library <work> (architecture <behavioral>).

Analyzing hierarchy for entity <clock1Mhz> in library <work> (architecture <behavioral>).


=========================================================================
*                            HDL Analysis                               *
=========================================================================
Analyzing Entity <top> in library <work> (Architecture <behavioral>).
WARNING:Xst:819 - "C:/FPGArcade/PmodJSTK_Driver/top.vhd" line 71: One or more signals are missing in the process sensitivity list. To enable synthesis of FPGA/CPLD hardware, XST will assume that all necessary signals are present in the sensitivity list. Please note that the result of the synthesis may differ from the initial design specification. The missing signals are:
   <sw>, <jstkData>
Entity <top> analyzed. Unit <top> generated.

Analyzing Entity <jstkModule> in library <work> (Architecture <behavioral>).
Entity <jstkModule> analyzed. Unit <jstkModule> generated.

Analyzing Entity <clock1Mhz> in library <work> (Architecture <behavioral>).
Entity <clock1Mhz> analyzed. Unit <clock1Mhz> generated.


=========================================================================
*                           HDL Synthesis                               *
=========================================================================

Performing bidirectional port resolution...

Synthesizing Unit <clock1Mhz>.
    Related source file is "C:/FPGArcade/PmodJSTK_Driver/clock1Mhz.vhd".
WARNING:Xst:1780 - Signal <slow_clk> is never used or assigned. This unconnected signal will be trimmed during the optimization process.
    Found 10-bit up counter for signal <count>.
    Summary:
	inferred   1 Counter(s).
Unit <clock1Mhz> synthesized.


Synthesizing Unit <jstkModule>.
    Related source file is "C:/FPGArcade/PmodJSTK_Driver/PmodJSTK_Driver.vhd".
WARNING:Xst:1305 - Output <MOSI> is never assigned. Tied to value 0.
WARNING:Xst:646 - Signal <saveBuffer<36:32>> is assigned but never used. This unconnected signal will be trimmed during the optimization process.
WARNING:Xst:646 - Signal <saveBuffer<29:24>> is assigned but never used. This unconnected signal will be trimmed during the optimization process.
WARNING:Xst:646 - Signal <saveBuffer<13:8>> is assigned but never used. This unconnected signal will be trimmed during the optimization process.
    Found 1-bit register for signal <SS>.
    Found 10-bit up counter for signal <counter>.
    Found 40-bit register for signal <inputBuffer>.
    Found 11-bit comparator greatequal for signal <inputBuffer_4$cmp_ge0000> created at line 106.
    Found 40-bit register for signal <saveBuffer>.
    Found 11-bit comparator less for signal <saveBuffer$cmp_lt0000> created at line 111.
    Summary:
	inferred   1 Counter(s).
	inferred  81 D-type flip-flop(s).
	inferred   2 Comparator(s).
Unit <jstkModule> synthesized.


Synthesizing Unit <top>.
    Related source file is "C:/FPGArcade/PmodJSTK_Driver/top.vhd".
WARNING:Xst:647 - Input <sw<0:2>> is never used. This port will be preserved and left unconnected if it belongs to a top-level block or it belongs to a sub-block and the hierarchy of this sub-block is preserved.
WARNING:Xst:1780 - Signal <LEDs> is never used or assigned. This unconnected signal will be trimmed during the optimization process.
Unit <top> synthesized.


=========================================================================
HDL Synthesis Report

Macro Statistics
# Counters                                             : 2
 10-bit up counter                                     : 2
# Registers                                            : 42
 1-bit register                                        : 41
 40-bit register                                       : 1
# Comparators                                          : 2
 11-bit comparator greatequal                          : 1
 11-bit comparator less                                : 1

=========================================================================

=========================================================================
*                       Advanced HDL Synthesis                          *
=========================================================================

WARNING:Xst:2677 - Node <inputBuffer_8> of sequential type is unconnected in block <jstk>.
WARNING:Xst:2677 - Node <inputBuffer_25> of sequential type is unconnected in block <jstk>.
WARNING:Xst:2677 - Node <inputBuffer_24> of sequential type is unconnected in block <jstk>.
WARNING:Xst:2677 - Node <inputBuffer_9> of sequential type is unconnected in block <jstk>.
WARNING:Xst:2677 - Node <inputBuffer_26> of sequential type is unconnected in block <jstk>.
WARNING:Xst:2677 - Node <inputBuffer_27> of sequential type is unconnected in block <jstk>.
WARNING:Xst:2677 - Node <inputBuffer_32> of sequential type is unconnected in block <jstk>.
WARNING:Xst:2677 - Node <inputBuffer_29> of sequential type is unconnected in block <jstk>.
WARNING:Xst:2677 - Node <inputBuffer_28> of sequential type is unconnected in block <jstk>.
WARNING:Xst:2677 - Node <inputBuffer_33> of sequential type is unconnected in block <jstk>.
WARNING:Xst:2677 - Node <inputBuffer_36> of sequential type is unconnected in block <jstk>.
WARNING:Xst:2677 - Node <inputBuffer_34> of sequential type is unconnected in block <jstk>.
WARNING:Xst:2677 - Node <inputBuffer_35> of sequential type is unconnected in block <jstk>.
WARNING:Xst:2677 - Node <inputBuffer_11> of sequential type is unconnected in block <jstk>.
WARNING:Xst:2677 - Node <inputBuffer_10> of sequential type is unconnected in block <jstk>.
WARNING:Xst:2677 - Node <inputBuffer_12> of sequential type is unconnected in block <jstk>.
WARNING:Xst:2677 - Node <inputBuffer_13> of sequential type is unconnected in block <jstk>.
WARNING:Xst:2677 - Node <saveBuffer_8> of sequential type is unconnected in block <jstk>.
WARNING:Xst:2677 - Node <saveBuffer_9> of sequential type is unconnected in block <jstk>.
WARNING:Xst:2677 - Node <saveBuffer_10> of sequential type is unconnected in block <jstk>.
WARNING:Xst:2677 - Node <saveBuffer_11> of sequential type is unconnected in block <jstk>.
WARNING:Xst:2677 - Node <saveBuffer_12> of sequential type is unconnected in block <jstk>.
WARNING:Xst:2677 - Node <saveBuffer_13> of sequential type is unconnected in block <jstk>.
WARNING:Xst:2677 - Node <saveBuffer_24> of sequential type is unconnected in block <jstk>.
WARNING:Xst:2677 - Node <saveBuffer_25> of sequential type is unconnected in block <jstk>.
WARNING:Xst:2677 - Node <saveBuffer_26> of sequential type is unconnected in block <jstk>.
WARNING:Xst:2677 - Node <saveBuffer_27> of sequential type is unconnected in block <jstk>.
WARNING:Xst:2677 - Node <saveBuffer_28> of sequential type is unconnected in block <jstk>.
WARNING:Xst:2677 - Node <saveBuffer_29> of sequential type is unconnected in block <jstk>.
WARNING:Xst:2677 - Node <saveBuffer_32> of sequential type is unconnected in block <jstk>.
WARNING:Xst:2677 - Node <saveBuffer_33> of sequential type is unconnected in block <jstk>.
WARNING:Xst:2677 - Node <saveBuffer_34> of sequential type is unconnected in block <jstk>.
WARNING:Xst:2677 - Node <saveBuffer_35> of sequential type is unconnected in block <jstk>.
WARNING:Xst:2677 - Node <saveBuffer_36> of sequential type is unconnected in block <jstk>.
WARNING:Xst:2677 - Node <inputBuffer_8> of sequential type is unconnected in block <jstkModule>.
WARNING:Xst:2677 - Node <inputBuffer_9> of sequential type is unconnected in block <jstkModule>.
WARNING:Xst:2677 - Node <inputBuffer_24> of sequential type is unconnected in block <jstkModule>.
WARNING:Xst:2677 - Node <inputBuffer_26> of sequential type is unconnected in block <jstkModule>.
WARNING:Xst:2677 - Node <inputBuffer_25> of sequential type is unconnected in block <jstkModule>.
WARNING:Xst:2677 - Node <inputBuffer_27> of sequential type is unconnected in block <jstkModule>.
WARNING:Xst:2677 - Node <inputBuffer_33> of sequential type is unconnected in block <jstkModule>.
WARNING:Xst:2677 - Node <inputBuffer_32> of sequential type is unconnected in block <jstkModule>.
WARNING:Xst:2677 - Node <inputBuffer_28> of sequential type is unconnected in block <jstkModule>.
WARNING:Xst:2677 - Node <inputBuffer_35> of sequential type is unconnected in block <jstkModule>.
WARNING:Xst:2677 - Node <inputBuffer_29> of sequential type is unconnected in block <jstkModule>.
WARNING:Xst:2677 - Node <inputBuffer_34> of sequential type is unconnected in block <jstkModule>.
WARNING:Xst:2677 - Node <inputBuffer_36> of sequential type is unconnected in block <jstkModule>.
WARNING:Xst:2677 - Node <inputBuffer_11> of sequential type is unconnected in block <jstkModule>.
WARNING:Xst:2677 - Node <inputBuffer_10> of sequential type is unconnected in block <jstkModule>.
WARNING:Xst:2677 - Node <inputBuffer_12> of sequential type is unconnected in block <jstkModule>.
WARNING:Xst:2677 - Node <inputBuffer_13> of sequential type is unconnected in block <jstkModule>.
WARNING:Xst:2677 - Node <saveBuffer_8> of sequential type is unconnected in block <jstkModule>.
WARNING:Xst:2677 - Node <saveBuffer_9> of sequential type is unconnected in block <jstkModule>.
WARNING:Xst:2677 - Node <saveBuffer_10> of sequential type is unconnected in block <jstkModule>.
WARNING:Xst:2677 - Node <saveBuffer_11> of sequential type is unconnected in block <jstkModule>.
WARNING:Xst:2677 - Node <saveBuffer_12> of sequential type is unconnected in block <jstkModule>.
WARNING:Xst:2677 - Node <saveBuffer_13> of sequential type is unconnected in block <jstkModule>.
WARNING:Xst:2677 - Node <saveBuffer_24> of sequential type is unconnected in block <jstkModule>.
WARNING:Xst:2677 - Node <saveBuffer_25> of sequential type is unconnected in block <jstkModule>.
WARNING:Xst:2677 - Node <saveBuffer_26> of sequential type is unconnected in block <jstkModule>.
WARNING:Xst:2677 - Node <saveBuffer_27> of sequential type is unconnected in block <jstkModule>.
WARNING:Xst:2677 - Node <saveBuffer_28> of sequential type is unconnected in block <jstkModule>.
WARNING:Xst:2677 - Node <saveBuffer_29> of sequential type is unconnected in block <jstkModule>.
WARNING:Xst:2677 - Node <saveBuffer_32> of sequential type is unconnected in block <jstkModule>.
WARNING:Xst:2677 - Node <saveBuffer_33> of sequential type is unconnected in block <jstkModule>.
WARNING:Xst:2677 - Node <saveBuffer_34> of sequential type is unconnected in block <jstkModule>.
WARNING:Xst:2677 - Node <saveBuffer_35> of sequential type is unconnected in block <jstkModule>.
WARNING:Xst:2677 - Node <saveBuffer_36> of sequential type is unconnected in block <jstkModule>.

=========================================================================
Advanced HDL Synthesis Report

Macro Statistics
# Counters                                             : 2
 10-bit up counter                                     : 2
# Registers                                            : 47
 Flip-Flops                                            : 47
# Comparators                                          : 2
 11-bit comparator greatequal                          : 1
 11-bit comparator less                                : 1

=========================================================================

=========================================================================
*                         Low Level Synthesis                           *
=========================================================================

Optimizing unit <top> ...

Optimizing unit <jstkModule> ...

Mapping all equations...
Building and optimizing final netlist ...
Found area constraint ratio of 100 (+ 5) on block top, actual ratio is 0.
FlipFlop jstk/counter_1 has been replicated 1 time(s)

Final Macro Processing ...

=========================================================================
Final Register Report

Macro Statistics
# Registers                                            : 68
 Flip-Flops                                            : 68

=========================================================================

=========================================================================
*                           Partition Report                            *
=========================================================================

Partition Implementation Status
-------------------------------

  No Partitions were found in this design.

-------------------------------

=========================================================================
*                            Final Report                               *
=========================================================================
Final Results
RTL Top Level Output File Name     : top.ngr
Top Level Output File Name         : top
Output Format                      : NGC
Optimization Goal                  : Speed
Keep Hierarchy                     : No

Design Statistics
# IOs                              : 21

Cell Usage :
# BELS                             : 121
#      GND                         : 1
#      INV                         : 3
#      LUT1                        : 18
#      LUT2                        : 2
#      LUT2_L                      : 1
#      LUT3                        : 2
#      LUT3_D                      : 1
#      LUT4                        : 41
#      LUT4_D                      : 10
#      LUT4_L                      : 1
#      MUXCY                       : 18
#      MUXF5                       : 2
#      VCC                         : 1
#      XORCY                       : 20
# FlipFlops/Latches                : 68
#      FD                          : 11
#      FDE                         : 46
#      FDR                         : 11
# Clock Buffers                    : 2
#      BUFG                        : 1
#      BUFGP                       : 1
# IO Buffers                       : 17
#      IBUF                        : 6
#      OBUF                        : 11
=========================================================================

Device utilization summary:
---------------------------

Selected Device : 3s500efg320-4 

 Number of Slices:                       56  out of   4656     1%  
 Number of Slice Flip Flops:             68  out of   9312     0%  
 Number of 4 input LUTs:                 79  out of   9312     0%  
 Number of IOs:                          21
 Number of bonded IOBs:                  18  out of    232     7%  
 Number of GCLKs:                         2  out of     24     8%  

---------------------------
Partition Resource Summary:
---------------------------

  No Partitions were found in this design.

---------------------------


=========================================================================
TIMING REPORT

NOTE: THESE TIMING NUMBERS ARE ONLY A SYNTHESIS ESTIMATE.
      FOR ACCURATE TIMING INFORMATION PLEASE REFER TO THE TRACE REPORT
      GENERATED AFTER PLACE-and-ROUTE.

Clock Information:
------------------
-----------------------------------+------------------------+-------+
Clock Signal                       | Clock buffer(FF name)  | Load  |
-----------------------------------+------------------------+-------+
jstk/clkGen1Mhz/count_91           | BUFG                   | 58    |
clk50Mhz                           | BUFGP                  | 10    |
-----------------------------------+------------------------+-------+

Asynchronous Control Signals Information:
----------------------------------------
No asynchronous control signals found in this design

Timing Summary:
---------------
Speed Grade: -4

   Minimum period: 5.266ns (Maximum Frequency: 189.897MHz)
   Minimum input arrival time before clock: 2.728ns
   Maximum output required time after clock: 7.817ns
   Maximum combinational path delay: 8.651ns

Timing Detail:
--------------
All values displayed in nanoseconds (ns)

=========================================================================
Timing constraint: Default period analysis for Clock 'jstk/clkGen1Mhz/count_91'
  Clock period: 5.266ns (frequency: 189.897MHz)
  Total number of paths / destination ports: 632 / 92
-------------------------------------------------------------------------
Delay:               5.266ns (Levels of Logic = 2)
  Source:            jstk/counter_2 (FF)
  Destination:       jstk/saveBuffer_39 (FF)
  Source Clock:      jstk/clkGen1Mhz/count_91 rising
  Destination Clock: jstk/clkGen1Mhz/count_91 rising

  Data Path: jstk/counter_2 to jstk/saveBuffer_39
                                Gate     Net
    Cell:in->out      fanout   Delay   Delay  Logical Name (Net Name)
    ----------------------------------------  ------------
     FDR:C->Q             17   0.591   1.086  jstk/counter_2 (jstk/counter_2)
     LUT3_D:I2->O          1   0.704   0.424  jstk/inputBuffer_4_cmp_ge000025 (jstk/inputBuffer_4_cmp_ge000025)
     LUT4:I3->O           23   0.704   1.202  jstk/inputBuffer_4_cmp_ge0000213_1 (jstk/inputBuffer_4_cmp_ge0000213)
     FDE:CE                    0.555          jstk/saveBuffer_37
    ----------------------------------------
    Total                      5.266ns (2.554ns logic, 2.712ns route)
                                       (48.5% logic, 51.5% route)

=========================================================================
Timing constraint: Default period analysis for Clock 'clk50Mhz'
  Clock period: 3.879ns (frequency: 257.798MHz)
  Total number of paths / destination ports: 55 / 10
-------------------------------------------------------------------------
Delay:               3.879ns (Levels of Logic = 10)
  Source:            jstk/clkGen1Mhz/count_1 (FF)
  Destination:       jstk/clkGen1Mhz/count_9 (FF)
  Source Clock:      clk50Mhz rising
  Destination Clock: clk50Mhz rising

  Data Path: jstk/clkGen1Mhz/count_1 to jstk/clkGen1Mhz/count_9
                                Gate     Net
    Cell:in->out      fanout   Delay   Delay  Logical Name (Net Name)
    ----------------------------------------  ------------
     FD:C->Q               1   0.591   0.595  jstk/clkGen1Mhz/count_1 (jstk/clkGen1Mhz/count_1)
     LUT1:I0->O            1   0.704   0.000  jstk/clkGen1Mhz/Mcount_count_cy<1>_rt (jstk/clkGen1Mhz/Mcount_count_cy<1>_rt)
     MUXCY:S->O            1   0.464   0.000  jstk/clkGen1Mhz/Mcount_count_cy<1> (jstk/clkGen1Mhz/Mcount_count_cy<1>)
     MUXCY:CI->O           1   0.059   0.000  jstk/clkGen1Mhz/Mcount_count_cy<2> (jstk/clkGen1Mhz/Mcount_count_cy<2>)
     MUXCY:CI->O           1   0.059   0.000  jstk/clkGen1Mhz/Mcount_count_cy<3> (jstk/clkGen1Mhz/Mcount_count_cy<3>)
     MUXCY:CI->O           1   0.059   0.000  jstk/clkGen1Mhz/Mcount_count_cy<4> (jstk/clkGen1Mhz/Mcount_count_cy<4>)
     MUXCY:CI->O           1   0.059   0.000  jstk/clkGen1Mhz/Mcount_count_cy<5> (jstk/clkGen1Mhz/Mcount_count_cy<5>)
     MUXCY:CI->O           1   0.059   0.000  jstk/clkGen1Mhz/Mcount_count_cy<6> (jstk/clkGen1Mhz/Mcount_count_cy<6>)
     MUXCY:CI->O           1   0.059   0.000  jstk/clkGen1Mhz/Mcount_count_cy<7> (jstk/clkGen1Mhz/Mcount_count_cy<7>)
     MUXCY:CI->O           0   0.059   0.000  jstk/clkGen1Mhz/Mcount_count_cy<8> (jstk/clkGen1Mhz/Mcount_count_cy<8>)
     XORCY:CI->O           1   0.804   0.000  jstk/clkGen1Mhz/Mcount_count_xor<9> (jstk/Result<9>)
     FD:D                      0.308          jstk/clkGen1Mhz/count_9
    ----------------------------------------
    Total                      3.879ns (3.284ns logic, 0.595ns route)
                                       (84.7% logic, 15.3% route)

=========================================================================
Timing constraint: Default OFFSET IN BEFORE for Clock 'jstk/clkGen1Mhz/count_91'
  Total number of paths / destination ports: 23 / 23
-------------------------------------------------------------------------
Offset:              2.728ns (Levels of Logic = 1)
  Source:            MISO (PAD)
  Destination:       jstk/inputBuffer_3 (FF)
  Destination Clock: jstk/clkGen1Mhz/count_91 rising

  Data Path: MISO to jstk/inputBuffer_3
                                Gate     Net
    Cell:in->out      fanout   Delay   Delay  Logical Name (Net Name)
    ----------------------------------------  ------------
     IBUF:I->O            23   1.218   1.202  MISO_IBUF (MISO_IBUF)
     FDE:D                     0.308          jstk/inputBuffer_4
    ----------------------------------------
    Total                      2.728ns (1.526ns logic, 1.202ns route)
                                       (55.9% logic, 44.1% route)

=========================================================================
Timing constraint: Default OFFSET OUT AFTER for Clock 'jstk/clkGen1Mhz/count_91'
  Total number of paths / destination ports: 24 / 9
-------------------------------------------------------------------------
Offset:              7.817ns (Levels of Logic = 4)
  Source:            jstk/saveBuffer_31 (FF)
  Destination:       Led<7> (PAD)
  Source Clock:      jstk/clkGen1Mhz/count_91 rising

  Data Path: jstk/saveBuffer_31 to Led<7>
                                Gate     Net
    Cell:in->out      fanout   Delay   Delay  Logical Name (Net Name)
    ----------------------------------------  ------------
     FDE:C->Q              1   0.591   0.499  jstk/saveBuffer_31 (jstk/saveBuffer_31)
     LUT4:I1->O            1   0.704   0.424  Led_7_mux000442_SW0 (N77)
     LUT4:I3->O            1   0.704   0.499  Led_7_mux000442 (Led_7_mux000442)
     LUT4:I1->O            1   0.704   0.420  Led_7_mux000484 (Led_7_OBUF)
     OBUF:I->O                 3.272          Led_7_OBUF (Led<7>)
    ----------------------------------------
    Total                      7.817ns (5.975ns logic, 1.842ns route)
                                       (76.4% logic, 23.6% route)

=========================================================================
Timing constraint: Default OFFSET OUT AFTER for Clock 'clk50Mhz'
  Total number of paths / destination ports: 1 / 1
-------------------------------------------------------------------------
Offset:              4.394ns (Levels of Logic = 1)
  Source:            jstk/clkGen1Mhz/count_9 (FF)
  Destination:       SCK (PAD)
  Source Clock:      clk50Mhz rising

  Data Path: jstk/clkGen1Mhz/count_9 to SCK
                                Gate     Net
    Cell:in->out      fanout   Delay   Delay  Logical Name (Net Name)
    ----------------------------------------  ------------
     FD:C->Q               3   0.591   0.531  jstk/clkGen1Mhz/count_9 (jstk/clkGen1Mhz/count_91)
     OBUF:I->O                 3.272          SCK_OBUF (SCK)
    ----------------------------------------
    Total                      4.394ns (3.863ns logic, 0.531ns route)
                                       (87.9% logic, 12.1% route)

=========================================================================
Timing constraint: Default path analysis
  Total number of paths / destination ports: 37 / 8
-------------------------------------------------------------------------
Delay:               8.651ns (Levels of Logic = 5)
  Source:            sw<4> (PAD)
  Destination:       Led<6> (PAD)

  Data Path: sw<4> to Led<6>
                                Gate     Net
    Cell:in->out      fanout   Delay   Delay  Logical Name (Net Name)
    ----------------------------------------  ------------
     IBUF:I->O             3   1.218   0.706  sw_4_IBUF (sw_4_IBUF)
     LUT4:I0->O            1   0.704   0.424  Led_6_mux000437_SW0 (N75)
     LUT4:I3->O            1   0.704   0.499  Led_6_mux000437 (Led_6_mux000437)
     LUT4:I1->O            1   0.704   0.420  Led_6_mux000476 (Led_6_OBUF)
     OBUF:I->O                 3.272          Led_6_OBUF (Led<6>)
    ----------------------------------------
    Total                      8.651ns (6.602ns logic, 2.049ns route)
                                       (76.3% logic, 23.7% route)

=========================================================================


Total REAL time to Xst completion: 5.00 secs
Total CPU time to Xst completion: 4.23 secs
 
--> 

Total memory usage is 152484 kilobytes

Number of errors   :    0 (   0 filtered)
Number of warnings :   76 (   0 filtered)
Number of infos    :    0 (   0 filtered)

